<?xml version="1.0" encoding="UTF-8"?>
<testng-results skipped="0" failed="1" ignored="0" total="2" passed="1">
  <reporter-output>
  </reporter-output>
  <suite name="Suite" duration-ms="60130" started-at="2020-03-15T02:27:06Z" finished-at="2020-03-15T02:28:06Z">
    <groups>
    </groups>
    <test name="validateTitle" duration-ms="32297" started-at="2020-03-15T02:27:06Z" finished-at="2020-03-15T02:27:39Z">
      <class name="framework.validateTitle">
        <test-method status="PASS" signature="initialise()[pri:0, instance:framework.validateTitle@1da768f]" name="initialise" is-config="true" duration-ms="27018" started-at="2020-03-15T02:27:06Z" finished-at="2020-03-15T02:27:33Z">
          <reporter-output>
          </reporter-output>
        </test-method> <!-- initialise -->
        <test-method status="FAIL" signature="basePagenavigation()[pri:0, instance:framework.validateTitle@1da768f]" name="basePagenavigation" duration-ms="959" started-at="2020-03-15T02:27:33Z" finished-at="2020-03-15T02:27:34Z">
          <exception class="java.lang.AssertionError">
            <message>
              <![CDATA[expected [Facebook123] but found [Facebook]]]>
            </message>
            <full-stacktrace>
              <![CDATA[java.lang.AssertionError: expected [Facebook123] but found [Facebook]
at org.testng.Assert.fail(Assert.java:96)
at org.testng.Assert.failNotEquals(Assert.java:776)
at org.testng.Assert.assertEqualsImpl(Assert.java:137)
at org.testng.Assert.assertEquals(Assert.java:118)
at org.testng.Assert.assertEquals(Assert.java:453)
at org.testng.Assert.assertEquals(Assert.java:463)
at framework.validateTitle.basePagenavigation(validateTitle.java:39)
at sun.reflect.NativeMethodAccessorImpl.invoke0(Native Method)
at sun.reflect.NativeMethodAccessorImpl.invoke(NativeMethodAccessorImpl.java:62)
at sun.reflect.DelegatingMethodAccessorImpl.invoke(DelegatingMethodAccessorImpl.java:43)
at java.lang.reflect.Method.invoke(Method.java:498)
at org.testng.internal.MethodInvocationHelper.invokeMethod(MethodInvocationHelper.java:124)
at org.testng.internal.Invoker.invokeMethod(Invoker.java:583)
at org.testng.internal.Invoker.invokeTestMethod(Invoker.java:719)
at org.testng.internal.Invoker.invokeTestMethods(Invoker.java:989)
at org.testng.internal.TestMethodWorker.invokeTestMethods(TestMethodWorker.java:125)
at org.testng.internal.TestMethodWorker.run(TestMethodWorker.java:109)
at org.testng.TestRunner.privateRun(TestRunner.java:648)
at org.testng.TestRunner.run(TestRunner.java:505)
at org.testng.SuiteRunner.runTest(SuiteRunner.java:455)
at org.testng.SuiteRunner.runSequentially(SuiteRunner.java:450)
at org.testng.SuiteRunner.privateRun(SuiteRunner.java:415)
at org.testng.SuiteRunner.run(SuiteRunner.java:364)
at org.testng.SuiteRunnerWorker.runSuite(SuiteRunnerWorker.java:52)
at org.testng.SuiteRunnerWorker.run(SuiteRunnerWorker.java:84)
at org.testng.TestNG.runSuitesSequentially(TestNG.java:1208)
at org.testng.TestNG.runSuitesLocally(TestNG.java:1137)
at org.testng.TestNG.runSuites(TestNG.java:1049)
at org.testng.TestNG.run(TestNG.java:1017)
at org.testng.remote.AbstractRemoteTestNG.run(AbstractRemoteTestNG.java:114)
at org.testng.remote.RemoteTestNG.initAndRun(RemoteTestNG.java:251)
at org.testng.remote.RemoteTestNG.main(RemoteTestNG.java:77)
]]>
            </full-stacktrace>
          </exception> <!-- java.lang.AssertionError -->
          <reporter-output>
          </reporter-output>
        </test-method> <!-- basePagenavigation -->
        <test-method status="PASS" signature="tearDown()[pri:0, instance:framework.validateTitle@1da768f]" name="tearDown" is-config="true" duration-ms="2627" started-at="2020-03-15T02:27:36Z" finished-at="2020-03-15T02:27:39Z">
          <reporter-output>
          </reporter-output>
        </test-method> <!-- tearDown -->
      </class> <!-- framework.validateTitle -->
    </test> <!-- validateTitle -->
    <test name="SignIn" duration-ms="27708" started-at="2020-03-15T02:27:39Z" finished-at="2020-03-15T02:28:06Z">
      <class name="framework.HomePage">
        <test-method status="PASS" signature="initialise()[pri:0, instance:framework.HomePage@20d525]" name="initialise" is-config="true" duration-ms="23019" started-at="2020-03-15T02:27:39Z" finished-at="2020-03-15T02:28:02Z">
          <reporter-output>
          </reporter-output>
        </test-method> <!-- initialise -->
        <test-method status="PASS" signature="basePagenavigation()[pri:0, instance:framework.HomePage@20d525]" name="basePagenavigation" duration-ms="4679" started-at="2020-03-15T02:28:02Z" finished-at="2020-03-15T02:28:06Z">
          <reporter-output>
          </reporter-output>
        </test-method> <!-- basePagenavigation -->
      </class> <!-- framework.HomePage -->
    </test> <!-- SignIn -->
  </suite> <!-- Suite -->
</testng-results>
